<?xml version="1.0" encoding="UTF-8"?>
<!-- Generated by org.testng.reporters.JUnitReportReporter -->
<testsuite skipped="0" hostname="IE1FLT1G5T6C2" name="PagesTestSuite.TestSuite" tests="5" failures="0" timestamp="08 Apr 2017 08:49:23 GMT" time="6.422" errors="0">
  <testcase name="verifyRegistration" time="1.282" classname="PagesTestSuite.TestSuite"/>
  <testcase name="verifyTabs" time="1.288" classname="PagesTestSuite.TestSuite"/>
  <testcase name="verifyDroppable" time="1.092" classname="PagesTestSuite.TestSuite"/>
  <testcase name="verifySubMenu" time="1.553" classname="PagesTestSuite.TestSuite"/>
  <testcase name="verifyTooltip" time="1.207" classname="PagesTestSuite.TestSuite"/>
</testsuite> <!-- PagesTestSuite.TestSuite -->
