<?xml version="1.0" encoding="UTF-8"?>
<!-- Generated by org.testng.reporters.JUnitReportReporter -->
<testsuite skipped="0" hostname="IE1FLT1G5T6C2" name="RegistrationTestSuite.TestSuite" tests="4" failures="0" timestamp="08 Apr 2017 09:06:45 GMT" time="5.354" errors="0">
  <testcase name="verifyTooltip" time="1.111" classname="RegistrationTestSuite.TestSuite"/>
  <testcase name="verifySubMenu" time="1.538" classname="RegistrationTestSuite.TestSuite"/>
  <testcase name="verifyDroppable" time="1.185" classname="RegistrationTestSuite.TestSuite"/>
  <testcase name="verifyTabs" time="1.520" classname="RegistrationTestSuite.TestSuite"/>
</testsuite> <!-- RegistrationTestSuite.TestSuite -->
